2025-07-01 06:06:27	Initializing...
2025-07-01 06:06:27	About
2025-07-01 06:06:27	OptionsWindow
2025-07-01 06:06:27	OptionsButton
2025-07-01 06:06:27	Information
2025-07-01 06:06:27	OutterFrame
2025-07-01 06:06:27	Four
2025-07-01 06:06:27	Two
2025-07-01 06:06:27	Three
2025-07-01 06:06:27	One
2025-07-01 06:06:27	Inside
2025-07-01 06:06:27	Exit
2025-07-01 06:06:27	VMOutterFrame
2025-07-01 06:06:27	Background
2025-07-01 06:06:35	Stopping...
2025-07-01 06:06:55	Initializing...
2025-07-01 06:06:55	About
2025-07-01 06:06:55	OptionsWindow
2025-07-01 06:06:55	OptionsButton
2025-07-01 06:06:55	Information
2025-07-01 06:06:55	OutterFrame
2025-07-01 06:06:55	Four
2025-07-01 06:06:55	Two
2025-07-01 06:06:55	Three
2025-07-01 06:06:55	One
2025-07-01 06:06:55	Inside
2025-07-01 06:06:55	Exit
2025-07-01 06:06:55	VMOutterFrame
2025-07-01 06:06:55	Background
2025-07-01 06:07:14	Stopping...
2025-07-04 00:18:25	Initializing...
2025-07-04 04:38:10	Initializing...
2025-07-04 04:38:13	Stopping...
2025-07-04 04:45:04	Initializing...
2025-07-04 04:45:58	Initializing...
2025-07-04 04:49:44	Initializing...
2025-07-04 04:49:58	Initializing...
2025-07-04 04:50:42	Initializing...
2025-07-04 06:09:19	Initializing...
2025-07-04 06:10:26	Initializing...
2025-07-04 06:10:40	Initializing...
2025-07-04 06:10:53	Initializing...
2025-07-04 06:11:29	Initializing...
2025-07-04 06:12:22	Initializing...
2025-07-04 06:12:27	Stopping...
2025-07-04 06:13:19	Initializing...
2025-07-04 06:14:03	Initializing...
2025-07-04 06:14:47	Initializing...
2025-07-04 06:15:02	Initializing...
2025-07-04 06:15:12	Initializing...
2025-07-04 06:15:19	Initializing...
2025-07-04 06:15:28	Initializing...
2025-07-04 06:15:43	Initializing...
2025-07-04 06:15:48	Initializing...
2025-07-04 06:15:59	Initializing...
2025-07-04 06:16:08	Initializing...
2025-07-04 06:18:14	Initializing...
2025-07-04 06:18:17	Stopping...
2025-07-04 06:20:38	Initializing...
2025-07-04 06:21:55	Initializing...
2025-07-04 06:22:41	Initializing...
2025-07-04 06:34:52	Initializing...
2025-07-04 06:35:25	Initializing...
2025-07-04 06:41:18	Initializing...
2025-07-04 06:53:27	Initializing...
2025-07-04 07:03:06	Initializing...
2025-07-04 07:03:18	Initializing...
2025-07-04 07:05:54	Initializing...
2025-07-04 07:06:09	Initializing...
2025-07-04 07:06:13	Initializing...
2025-07-04 07:06:43	Initializing...
2025-07-04 07:07:40	Initializing...
2025-07-04 07:08:10	Initializing...
2025-07-04 07:09:01	Initializing...
2025-07-04 07:10:42	Initializing...
2025-07-04 07:11:09	Initializing...
2025-07-04 07:11:32	Initializing...
2025-07-04 07:13:14	Initializing...
2025-07-04 07:14:10	Initializing...
2025-07-04 07:15:21	Initializing...
2025-07-04 07:23:31	Initializing...
2025-07-04 07:28:50	Initializing...
2025-07-04 07:31:02	Initializing...
2025-07-04 07:36:32	Initializing...
2025-07-04 07:37:55	Initializing...
2025-07-04 07:44:45	Initializing...
2025-07-04 07:45:24	Initializing...
2025-07-04 07:47:34	Initializing...
2025-07-04 07:47:50	Initializing...
2025-07-04 07:49:00	Initializing...
2025-07-04 07:49:02	Stopping...
2025-07-04 07:49:31	Initializing...
2025-07-04 07:50:30	Initializing...
2025-07-04 07:51:42	Initializing...
2025-07-04 07:52:30	Initializing...
2025-07-04 07:57:24	Initializing...
2025-07-04 08:00:48	Initializing...
2025-07-04 08:01:32	Initializing...
2025-07-04 08:01:53	Initializing...
2025-07-04 08:02:20	Initializing...
